1,19,-1,-1,
frequency = 9697
1,35,-1,19,-1,-1,
frequency = 9696
1,31,-1,35,-1,-1,
frequency = 10810
1,31,57,64,-1,-1,-1,35,-1,-1,
frequency = 9026
1,31,57,-1,-1,35,-1,-1,
frequency = 10681
3,-1,
frequency = 9269
8,-1,
frequency = 5468
11,-1,
frequency = 5166
15,-1,
frequency = 7886
19,-1,
frequency = 15251
26,-1,
frequency = 6295
29,-1,
frequency = 10702
31,57,64,-1,-1,-1,
frequency = 12516
35,-1,
frequency = 37488
57,64,-1,-1,
frequency = 14913
57,66,-1,-1,
frequency = 5019
64,-1,
frequency = 19004
66,-1,
frequency = 9615
70,29,-1,-1,
frequency = 5319
89,3,-1,-1,
frequency = 6762
Total time use : 1072ms